2023-02-14 13:41:31,002  INFO [main] banking:28 - Enter a email
 2023-02-14 14:47:24,485  INFO [main] banking:28 - Enter a email
 2023-02-14 14:49:53,393  INFO [main] banking:28 - Enter a email
 2023-02-14 14:49:53,698  INFO [main] banking:36 - Enter a password 
 2023-02-14 14:58:56,210  INFO [main] banking:28 - Enter a email
 2023-02-14 14:58:56,391  INFO [main] banking:36 - Enter a password 
 2023-02-14 15:50:15,836  INFO [main] banking:28 - Enter a email
 2023-02-14 15:50:16,075  INFO [main] banking:36 - Enter a password 
 2023-02-14 16:21:42,845  INFO [main] banking:28 - Enter a email
 2023-02-14 16:21:43,139  INFO [main] banking:36 - Enter a password 
 2023-02-14 16:28:19,166  INFO [main] banking:28 - Enter a email
 2023-02-14 16:28:19,414  INFO [main] banking:36 - Enter a password 
 2023-02-14 16:30:59,102  INFO [main] banking:28 - Enter a email
 2023-02-14 16:30:59,285  INFO [main] banking:36 - Enter a password 
 2023-02-14 16:32:59,823  INFO [main] banking:28 - Enter a email
 2023-02-14 16:33:00,066  INFO [main] banking:36 - Enter a password 
 2023-02-14 16:52:13,177  INFO [main] banking:28 - Enter a email
 2023-02-14 16:52:37,221  INFO [main] banking:28 - Enter a email
 2023-02-14 16:55:09,280  INFO [main] banking:28 - Enter a email
 2023-02-14 17:22:10,411  INFO [main] banking:28 - Enter a email
 2023-02-14 17:22:19,149  INFO [main] banking:28 - Enter a email
 2023-02-14 17:29:16,532  INFO [main] banking:28 - Enter a email
 2023-02-14 17:29:24,358  INFO [main] banking:28 - Enter a email
 2023-02-14 17:40:21,803  INFO [main] banking:28 - Enter a email
 2023-02-14 17:40:32,466  INFO [main] banking:28 - Enter a email
 2023-02-14 17:41:54,337  INFO [main] banking:28 - Enter a email
 2023-02-14 17:42:02,696  INFO [main] banking:28 - Enter a email
 2023-02-14 17:45:31,102  INFO [main] banking:28 - Enter a email
 2023-02-14 17:45:39,837  INFO [main] banking:28 - Enter a email
 2023-02-14 17:45:48,795  INFO [main] banking:33 - Clicking on shopSHOP
 2023-02-14 17:47:25,929  INFO [main] banking:28 - Enter a email
 2023-02-14 17:47:34,715  INFO [main] banking:28 - Enter a email
 2023-02-14 17:47:41,221  INFO [main] banking:32 - Clicking on shop :- SHOP
 2023-02-14 17:52:13,483  INFO [main] banking:28 - Enter a email
 2023-02-14 17:52:20,714  INFO [main] banking:28 - Enter a email
 2023-02-14 17:52:27,199  INFO [main] banking:33 - Clicking on shop :- SHOP
 2023-02-14 17:53:14,011  INFO [main] banking:28 - Enter a email
 2023-02-14 17:53:22,520  INFO [main] banking:28 - Enter a email
 2023-02-14 17:53:28,933  INFO [main] banking:27 - Clicking on shop :- SHOP
 2023-02-14 17:57:15,290  INFO [main] banking:28 - Enter a email
 2023-02-14 17:57:23,767  INFO [main] banking:28 - Enter a email
 2023-02-14 17:57:30,752  INFO [main] banking:30 - Clicking on shop :- SHOP
 2023-02-14 17:59:52,655  INFO [main] banking:28 - Enter a email
 2023-02-14 18:00:00,157  INFO [main] banking:28 - Enter a email
 2023-02-14 18:00:06,168  INFO [main] banking:30 - Clicking on shop :- SHOP
 2023-02-14 18:03:36,114  INFO [main] banking:42 - Browser is lauching
 2023-02-14 18:03:36,620  INFO [main] banking:28 - Enter a email
 2023-02-14 18:03:36,948  INFO [main] banking:36 - Enter a password :-
 2023-02-14 18:03:39,583  INFO [main] banking:42 - clicking on login btn
 2023-02-14 18:03:40,449  INFO [main] banking:48 - quit browser
 2023-02-14 18:03:44,385  INFO [main] banking:42 - Browser is lauching
 2023-02-14 18:03:44,798  INFO [main] banking:28 - Enter a email
 2023-02-14 18:03:45,098  INFO [main] banking:36 - Enter a password :-
 2023-02-14 18:03:48,404  INFO [main] banking:42 - clicking on login btn
 2023-02-14 18:03:51,841  INFO [main] banking:30 - Clicking on shop :- SHOP
 2023-02-14 18:03:58,791  INFO [main] banking:48 - quit browser
 2023-02-14 18:04:32,264  INFO [main] banking:42 - Browser is lauching
 2023-02-14 18:04:32,677  INFO [main] banking:28 - Enter a email
 2023-02-14 18:04:32,899  INFO [main] banking:36 - Enter a password :-
 2023-02-14 18:04:35,637  INFO [main] banking:42 - clicking on login btn
 2023-02-14 18:04:36,262  INFO [main] banking:48 - quit browser
 2023-02-14 18:04:40,262  INFO [main] banking:42 - Browser is lauching
 2023-02-14 18:04:40,707  INFO [main] banking:28 - Enter a email
 2023-02-14 18:04:40,888  INFO [main] banking:36 - Enter a password :-
 2023-02-14 18:04:43,297  INFO [main] banking:42 - clicking on login btn
 2023-02-14 18:04:46,905  INFO [main] banking:29 - Clicking on shop :- SHOP
 2023-02-14 18:04:54,081  INFO [main] banking:48 - quit browser
 2023-02-14 18:10:34,410  INFO [main] banking:42 - Browser is lauching
 2023-02-14 18:10:34,929  INFO [main] banking:35 - Enter a email
 2023-02-14 18:10:35,090  INFO [main] banking:43 - Enter a password :-
 2023-02-14 18:10:37,558  INFO [main] banking:49 - clicking on login btn
 2023-02-14 18:10:38,408  INFO [main] banking:48 - quit browser
 2023-02-14 18:10:41,985  INFO [main] banking:42 - Browser is lauching
 2023-02-14 18:10:42,371  INFO [main] banking:35 - Enter a email
 2023-02-14 18:10:42,540  INFO [main] banking:43 - Enter a password :-
 2023-02-14 18:10:45,218  INFO [main] banking:49 - clicking on login btn
 2023-02-14 18:10:45,833  INFO [main] banking:48 - quit browser
 2023-02-14 18:12:19,053  INFO [main] banking:42 - Browser is lauching
 2023-02-14 18:12:19,526  INFO [main] banking:38 - Enter a email
 2023-02-14 18:12:19,841  INFO [main] banking:46 - Enter a password :-
 2023-02-14 18:12:22,519  INFO [main] banking:52 - clicking on login btn
 2023-02-14 18:12:23,291  INFO [main] banking:48 - quit browser
 2023-02-14 18:12:27,143  INFO [main] banking:42 - Browser is lauching
 2023-02-14 18:12:27,532  INFO [main] banking:38 - Enter a email
 2023-02-14 18:12:27,766  INFO [main] banking:46 - Enter a password :-
 2023-02-14 18:12:30,377  INFO [main] banking:52 - clicking on login btn
 2023-02-14 18:12:31,297  INFO [main] banking:48 - quit browser
 2023-02-14 18:13:33,431  INFO [main] banking:42 - Browser is lauching
 2023-02-14 18:13:33,872  INFO [main] banking:38 - Enter a email
 2023-02-14 18:13:34,050  INFO [main] banking:46 - Enter a password :-
 2023-02-14 18:13:36,432  INFO [main] banking:52 - clicking on login btn
 2023-02-14 18:13:36,988  INFO [main] banking:48 - quit browser
 2023-02-14 18:13:40,721  INFO [main] banking:42 - Browser is lauching
 2023-02-14 18:13:41,095  INFO [main] banking:38 - Enter a email
 2023-02-14 18:13:41,311  INFO [main] banking:46 - Enter a password :-
 2023-02-14 18:13:43,973  INFO [main] banking:52 - clicking on login btn
 2023-02-14 18:13:46,488  INFO [main] banking:29 - Clicking on shop :- SHOP
 2023-02-14 18:13:55,034  INFO [main] banking:48 - quit browser
 2023-02-14 18:14:38,753  INFO [main] banking:42 - Browser is lauching
 2023-02-14 18:14:39,696  INFO [main] banking:38 - Enter a email
 2023-02-14 18:14:39,980  INFO [main] banking:46 - Enter a password :-
 2023-02-14 18:14:42,980  INFO [main] banking:52 - clicking on login btn
 2023-02-14 18:14:43,389  INFO [main] banking:48 - quit browser
 2023-02-14 18:14:51,574  INFO [main] banking:42 - Browser is lauching
 2023-02-14 18:14:54,553  INFO [main] banking:38 - Enter a email
 2023-02-14 18:14:54,873  INFO [main] banking:46 - Enter a password :-
 2023-02-14 18:14:54,981  INFO [main] banking:52 - clicking on login btn
 2023-02-14 18:15:07,298  INFO [main] banking:29 - Clicking on shop :- SHOP
 2023-02-14 18:15:12,843  INFO [main] banking:48 - quit browser
 2023-02-15 10:30:44,559  INFO [main] banking:42 - Browser is lauching
 2023-02-15 10:30:45,108  INFO [main] banking:38 - Enter a email
 2023-02-15 10:30:45,299  INFO [main] banking:46 - Enter a password :-
 2023-02-15 10:30:47,846  INFO [main] banking:52 - clicking on login btn
 2023-02-15 10:30:48,401  INFO [main] banking:48 - quit browser
 2023-02-15 10:30:52,494  INFO [main] banking:42 - Browser is lauching
 2023-02-15 10:30:53,028  INFO [main] banking:38 - Enter a email
 2023-02-15 10:30:53,349  INFO [main] banking:46 - Enter a password :-
 2023-02-15 10:30:57,670  INFO [main] banking:52 - clicking on login btn
 2023-02-15 10:31:00,709  INFO [main] banking:29 - Clicking on shop :- SHOP
 2023-02-15 10:31:01,476  INFO [main] banking:48 - quit browser
 2023-02-15 10:57:37,183  INFO [main] banking:47 - Browser is lauching
 2023-02-15 10:57:37,730  INFO [main] banking:38 - Enter a email
 2023-02-15 10:57:37,982  INFO [main] banking:46 - Enter a password :-
 2023-02-15 10:57:40,394  INFO [main] banking:52 - clicking on login btn
 2023-02-15 10:57:41,139  INFO [main] banking:53 - quit browser
 2023-02-15 10:57:45,406  INFO [main] banking:47 - Browser is lauching
 2023-02-15 10:57:45,825  INFO [main] banking:38 - Enter a email
 2023-02-15 10:57:46,124  INFO [main] banking:46 - Enter a password :-
 2023-02-15 10:57:49,698  INFO [main] banking:52 - clicking on login btn
 2023-02-15 10:57:54,200  INFO [main] banking:29 - Clicking on shop :- SHOP
 2023-02-15 10:57:54,688  INFO [main] banking:53 - quit browser
 2023-02-15 11:01:30,124  INFO [main] banking:47 - Browser is lauching
 2023-02-15 11:01:30,698  INFO [main] banking:38 - Enter a email
 2023-02-15 11:01:30,981  INFO [main] banking:46 - Enter a password :-
 2023-02-15 11:01:33,473  INFO [main] banking:52 - clicking on login btn
 2023-02-15 11:01:34,089  INFO [main] banking:53 - quit browser
 2023-02-15 11:01:38,184  INFO [main] banking:47 - Browser is lauching
 2023-02-15 11:01:38,638  INFO [main] banking:38 - Enter a email
 2023-02-15 11:01:38,883  INFO [main] banking:46 - Enter a password :-
 2023-02-15 11:01:43,285  INFO [main] banking:52 - clicking on login btn
 2023-02-15 11:01:45,748  INFO [main] banking:29 - Clicking on shop :- SHOP
 2023-02-15 11:01:46,180  INFO [main] banking:53 - quit browser
 2023-02-15 11:04:54,611  INFO [main] banking:47 - Browser is lauching
 2023-02-15 11:04:55,022  INFO [main] banking:38 - Enter a email
 2023-02-15 11:04:55,255  INFO [main] banking:46 - Enter a password :-
 2023-02-15 11:04:57,529  INFO [main] banking:52 - clicking on login btn
 2023-02-15 11:04:58,254  INFO [main] banking:53 - quit browser
 2023-02-15 11:05:02,344  INFO [main] banking:47 - Browser is lauching
 2023-02-15 11:05:02,689  INFO [main] banking:38 - Enter a email
 2023-02-15 11:05:02,933  INFO [main] banking:46 - Enter a password :-
 2023-02-15 11:05:05,210  INFO [main] banking:52 - clicking on login btn
 2023-02-15 11:05:07,749  INFO [main] banking:29 - Clicking on shop :- SHOP
 2023-02-15 11:05:09,748  INFO [main] banking:53 - quit browser
 2023-02-15 11:09:49,412  INFO [main] banking:47 - Browser is lauching
 2023-02-15 11:09:49,845  INFO [main] banking:38 - Enter a email
 2023-02-15 11:09:50,071  INFO [main] banking:46 - Enter a password :-
 2023-02-15 11:09:52,474  INFO [main] banking:52 - clicking on login btn
 2023-02-15 11:09:52,942  INFO [main] banking:53 - quit browser
 2023-02-15 11:09:56,902  INFO [main] banking:47 - Browser is lauching
 2023-02-15 11:09:57,245  INFO [main] banking:38 - Enter a email
 2023-02-15 11:09:57,450  INFO [main] banking:46 - Enter a password :-
 2023-02-15 11:09:59,747  INFO [main] banking:52 - clicking on login btn
 2023-02-15 11:10:03,798  INFO [main] banking:29 - Clicking on shop :- SHOP
 2023-02-15 11:10:04,272  INFO [main] banking:53 - quit browser
 2023-02-15 11:13:51,955  INFO [main] banking:47 - Browser is lauching
 2023-02-15 11:13:52,372  INFO [main] banking:38 - Enter a email
 2023-02-15 11:13:52,582  INFO [main] banking:46 - Enter a password :-
 2023-02-15 11:13:55,895  INFO [main] banking:52 - clicking on login btn
 2023-02-15 11:13:56,379  INFO [main] banking:53 - quit browser
 2023-02-15 11:14:00,580  INFO [main] banking:47 - Browser is lauching
 2023-02-15 11:14:00,951  INFO [main] banking:38 - Enter a email
 2023-02-15 11:14:01,149  INFO [main] banking:46 - Enter a password :-
 2023-02-15 11:14:03,389  INFO [main] banking:52 - clicking on login btn
 2023-02-15 11:14:07,557  INFO [main] banking:29 - Clicking on shop :- SHOP
 2023-02-15 11:14:08,044  INFO [main] banking:53 - quit browser
 2023-02-15 11:24:47,975  INFO [main] banking:47 - Browser is lauching
 2023-02-15 11:24:48,434  INFO [main] banking:38 - Enter a email
 2023-02-15 11:24:48,667  INFO [main] banking:46 - Enter a password :-
 2023-02-15 11:24:51,724  INFO [main] banking:52 - clicking on login btn
 2023-02-15 11:24:52,187  INFO [main] banking:53 - quit browser
 2023-02-15 11:24:56,078  INFO [main] banking:47 - Browser is lauching
 2023-02-15 11:24:56,435  INFO [main] banking:38 - Enter a email
 2023-02-15 11:24:56,664  INFO [main] banking:46 - Enter a password :-
 2023-02-15 11:24:56,947  INFO [main] banking:52 - clicking on login btn
 2023-02-15 11:24:59,496  INFO [main] banking:29 - Clicking on shop :- SHOP
 2023-02-15 11:24:59,967  INFO [main] banking:53 - quit browser
 2023-02-15 11:26:31,892  INFO [main] banking:47 - Browser is lauching
 2023-02-15 11:26:32,292  INFO [main] banking:38 - Enter a email
 2023-02-15 11:26:32,495  INFO [main] banking:46 - Enter a password :-
 2023-02-15 11:26:35,371  INFO [main] banking:52 - clicking on login btn
 2023-02-15 11:26:35,858  INFO [main] banking:53 - quit browser
 2023-02-15 11:26:40,635  INFO [main] banking:47 - Browser is lauching
 2023-02-15 11:26:40,994  INFO [main] banking:38 - Enter a email
 2023-02-15 11:26:41,212  INFO [main] banking:46 - Enter a password :-
 2023-02-15 11:26:44,904  INFO [main] banking:52 - clicking on login btn
 2023-02-15 11:26:47,323  INFO [main] banking:29 - Clicking on shop :- SHOP
 2023-02-15 11:26:47,787  INFO [main] banking:53 - quit browser
 2023-02-15 11:28:43,751  INFO [main] banking:47 - Browser is lauching
 2023-02-15 11:28:44,220  INFO [main] banking:38 - Enter a email
 2023-02-15 11:28:44,431  INFO [main] banking:46 - Enter a password :-
 2023-02-15 11:28:46,640  INFO [main] banking:52 - clicking on login btn
 2023-02-15 11:28:47,149  INFO [main] banking:53 - quit browser
 2023-02-15 11:28:54,821  INFO [main] banking:47 - Browser is lauching
 2023-02-15 11:28:55,206  INFO [main] banking:38 - Enter a email
 2023-02-15 11:28:55,444  INFO [main] banking:46 - Enter a password :-
 2023-02-15 11:28:57,658  INFO [main] banking:52 - clicking on login btn
 2023-02-15 11:29:00,583  INFO [main] banking:29 - Clicking on shop :- SHOP
 2023-02-15 11:29:01,291  INFO [main] banking:53 - quit browser
 2023-02-15 11:30:47,737  INFO [main] banking:47 - Browser is lauching
 2023-02-15 11:30:48,153  INFO [main] banking:38 - Enter a email
 2023-02-15 11:30:48,326  INFO [main] banking:46 - Enter a password :-
 2023-02-15 11:30:51,316  INFO [main] banking:52 - clicking on login btn
 2023-02-15 11:30:51,723  INFO [main] banking:53 - quit browser
 2023-02-15 11:30:55,799  INFO [main] banking:47 - Browser is lauching
 2023-02-15 11:30:56,162  INFO [main] banking:38 - Enter a email
 2023-02-15 11:30:56,366  INFO [main] banking:46 - Enter a password :-
 2023-02-15 11:30:58,689  INFO [main] banking:52 - clicking on login btn
 2023-02-15 11:31:02,897  INFO [main] banking:29 - Clicking on shop :- SHOP
 2023-02-15 11:31:03,357  INFO [main] banking:53 - quit browser
 2023-02-15 11:32:06,881  INFO [main] banking:47 - Browser is lauching
 2023-02-15 11:32:07,389  INFO [main] banking:38 - Enter a email
 2023-02-15 11:32:07,577  INFO [main] banking:46 - Enter a password :-
 2023-02-15 11:32:09,920  INFO [main] banking:52 - clicking on login btn
 2023-02-15 11:32:10,460  INFO [main] banking:53 - quit browser
 2023-02-15 11:32:14,710  INFO [main] banking:47 - Browser is lauching
 2023-02-15 11:32:15,116  INFO [main] banking:38 - Enter a email
 2023-02-15 11:32:15,319  INFO [main] banking:46 - Enter a password :-
 2023-02-15 11:32:15,737  INFO [main] banking:52 - clicking on login btn
 2023-02-15 11:32:19,499  INFO [main] banking:29 - Clicking on shop :- SHOP
 2023-02-15 11:32:19,946  INFO [main] banking:53 - quit browser
 2023-02-15 11:34:51,594  INFO [main] banking:47 - Browser is lauching
 2023-02-15 11:34:52,017  INFO [main] banking:38 - Enter a email
 2023-02-15 11:34:52,226  INFO [main] banking:46 - Enter a password :-
 2023-02-15 11:34:55,079  INFO [main] banking:52 - clicking on login btn
 2023-02-15 11:34:55,546  INFO [main] banking:53 - quit browser
 2023-02-15 11:34:59,458  INFO [main] banking:47 - Browser is lauching
 2023-02-15 11:34:59,810  INFO [main] banking:38 - Enter a email
 2023-02-15 11:35:00,061  INFO [main] banking:46 - Enter a password :-
 2023-02-15 11:35:02,735  INFO [main] banking:52 - clicking on login btn
 2023-02-15 11:35:06,270  INFO [main] banking:29 - Clicking on shop :- SHOP
 2023-02-15 11:35:06,784  INFO [main] banking:53 - quit browser
 2023-02-15 11:56:22,359  INFO [main] banking:47 - Browser is lauching
 2023-02-15 11:56:22,955  INFO [main] banking:38 - Enter a email
 2023-02-15 11:56:23,090  INFO [main] banking:46 - Enter a password :-
 2023-02-15 11:56:27,357  INFO [main] banking:52 - clicking on login btn
 2023-02-15 11:56:30,128  INFO [main] banking:53 - quit browser
 2023-02-15 11:56:54,342  INFO [main] banking:47 - Browser is lauching
 2023-02-15 11:56:54,804  INFO [main] banking:38 - Enter a email
 2023-02-15 11:56:55,005  INFO [main] banking:46 - Enter a password :-
 2023-02-15 11:56:58,343  INFO [main] banking:52 - clicking on login btn
 2023-02-15 11:57:00,815  INFO [main] banking:29 - Clicking on shop :- SHOP
 2023-02-15 11:57:07,599  INFO [main] banking:53 - quit browser
 2023-02-15 15:13:50,040  INFO [main] banking:46 - Browser is lauching
 2023-02-15 15:13:50,503  INFO [main] banking:38 - Enter a email
 2023-02-15 15:13:50,714  INFO [main] banking:46 - Enter a password :-
 2023-02-15 15:13:54,411  INFO [main] banking:52 - clicking on login btn
 2023-02-15 15:13:57,457  INFO [main] banking:52 - quit browser
 2023-02-15 15:14:14,388  INFO [main] banking:46 - Browser is lauching
 2023-02-15 15:14:15,868  INFO [main] banking:38 - Enter a email
 2023-02-15 15:14:16,001  INFO [main] banking:46 - Enter a password :-
 2023-02-15 15:14:18,704  INFO [main] banking:52 - clicking on login btn
 2023-02-15 15:14:21,306  INFO [main] banking:29 - Clicking on shop :- SHOP
 2023-02-15 15:14:23,434  INFO [main] banking:52 - quit browser
 2023-02-15 15:17:48,087  INFO [main] banking:46 - Browser is lauching
 2023-02-15 15:17:48,582  INFO [main] banking:38 - Enter a email
 2023-02-15 15:17:48,735  INFO [main] banking:46 - Enter a password :-
 2023-02-15 15:17:51,628  INFO [main] banking:52 - clicking on login btn
 2023-02-15 15:17:54,051  INFO [main] banking:52 - quit browser
 2023-02-15 15:18:06,765  INFO [main] banking:46 - Browser is lauching
 2023-02-15 15:18:07,340  INFO [main] banking:38 - Enter a email
 2023-02-15 15:18:07,483  INFO [main] banking:46 - Enter a password :-
 2023-02-15 15:18:10,407  INFO [main] banking:52 - clicking on login btn
 2023-02-15 15:18:12,772  INFO [main] banking:29 - Clicking on shop :- SHOP
 2023-02-15 15:18:18,434  INFO [main] banking:52 - quit browser
 2023-02-15 15:19:23,008  INFO [main] banking:46 - Browser is lauching
 2023-02-15 15:19:23,564  INFO [main] banking:38 - Enter a email
 2023-02-15 15:19:23,736  INFO [main] banking:46 - Enter a password :-
 2023-02-15 15:19:26,495  INFO [main] banking:52 - clicking on login btn
 2023-02-15 15:19:28,940  INFO [main] banking:52 - quit browser
 2023-02-15 15:19:38,421  INFO [main] banking:46 - Browser is lauching
 2023-02-15 15:19:38,903  INFO [main] banking:38 - Enter a email
 2023-02-15 15:19:39,073  INFO [main] banking:46 - Enter a password :-
 2023-02-15 15:19:42,413  INFO [main] banking:52 - clicking on login btn
 2023-02-15 15:19:44,861  INFO [main] banking:29 - Clicking on shop :- SHOP
 2023-02-15 15:19:47,893  INFO [main] banking:52 - quit browser
 2023-02-15 15:28:35,961  INFO [main] banking:46 - Browser is lauching
 2023-02-15 15:28:36,612  INFO [main] banking:38 - Enter a email
 2023-02-15 15:28:36,843  INFO [main] banking:46 - Enter a password :-
 2023-02-15 15:28:40,535  INFO [main] banking:52 - clicking on login btn
 2023-02-15 15:28:42,767  INFO [main] banking:52 - quit browser
 2023-02-15 15:28:55,439  INFO [main] banking:46 - Browser is lauching
 2023-02-15 15:28:55,868  INFO [main] banking:38 - Enter a email
 2023-02-15 15:28:56,026  INFO [main] banking:46 - Enter a password :-
 2023-02-15 15:28:58,973  INFO [main] banking:52 - clicking on login btn
 2023-02-15 15:29:03,121  INFO [main] banking:29 - Clicking on shop :- SHOP
 2023-02-15 15:29:05,630  INFO [main] banking:52 - quit browser
 2023-02-15 15:30:42,874  INFO [main] banking:46 - Browser is lauching
 2023-02-15 15:30:43,630  INFO [main] banking:38 - Enter a email
 2023-02-15 15:30:44,081  INFO [main] banking:46 - Enter a password :-
 2023-02-15 15:30:48,071  INFO [main] banking:52 - clicking on login btn
 2023-02-15 15:30:51,115  INFO [main] banking:52 - quit browser
 2023-02-15 15:31:06,551  INFO [main] banking:46 - Browser is lauching
 2023-02-15 15:31:08,621  INFO [main] banking:38 - Enter a email
 2023-02-15 15:31:08,897  INFO [main] banking:46 - Enter a password :-
 2023-02-15 15:31:12,429  INFO [main] banking:52 - clicking on login btn
 2023-02-15 15:31:16,342  INFO [main] banking:29 - Clicking on shop :- SHOP
 2023-02-15 15:31:21,369  INFO [main] banking:52 - quit browser
 2023-02-15 15:33:00,034  INFO [main] banking:46 - Browser is lauching
 2023-02-15 15:33:00,509  INFO [main] banking:38 - Enter a email
 2023-02-15 15:33:00,737  INFO [main] banking:46 - Enter a password :-
 2023-02-15 15:33:03,460  INFO [main] banking:52 - clicking on login btn
 2023-02-15 15:33:04,241  INFO [main] banking:52 - quit browser
 2023-02-15 15:33:10,599  INFO [main] banking:46 - Browser is lauching
 2023-02-15 15:33:11,470  INFO [main] banking:38 - Enter a email
 2023-02-15 15:33:14,550  INFO [main] banking:46 - Enter a password :-
 2023-02-15 15:33:14,700  INFO [main] banking:52 - clicking on login btn
 2023-02-15 15:33:19,292  INFO [main] banking:29 - Clicking on shop :- SHOP
 2023-02-15 15:33:20,010  INFO [main] banking:52 - quit browser
 2023-02-15 15:45:59,052  INFO [main] banking:46 - Browser is lauching
 2023-02-15 15:45:59,485  INFO [main] banking:38 - Enter a email
 2023-02-15 15:45:59,705  INFO [main] banking:46 - Enter a password :-
 2023-02-15 15:46:12,465  INFO [main] banking:52 - clicking on login btn
 2023-02-15 15:46:13,051  INFO [main] banking:52 - quit browser
 2023-02-15 15:46:18,077  INFO [main] banking:46 - Browser is lauching
 2023-02-15 15:46:18,447  INFO [main] banking:38 - Enter a email
 2023-02-15 15:46:18,656  INFO [main] banking:46 - Enter a password :-
 2023-02-15 15:46:21,038  INFO [main] banking:52 - clicking on login btn
 2023-02-15 15:46:27,224  INFO [main] banking:29 - Clicking on shop :- SHOP
 2023-02-15 15:46:27,764  INFO [main] banking:52 - quit browser
 2023-02-15 15:51:35,819  INFO [main] banking:46 - Browser is lauching
 2023-02-15 15:51:36,313  INFO [main] banking:38 - Enter a email
 2023-02-15 15:51:36,556  INFO [main] banking:46 - Enter a password :-
 2023-02-15 15:51:39,137  INFO [main] banking:52 - clicking on login btn
 2023-02-15 15:51:40,083  INFO [main] banking:52 - quit browser
 2023-02-15 15:51:45,120  INFO [main] banking:46 - Browser is lauching
 2023-02-15 15:51:45,535  INFO [main] banking:38 - Enter a email
 2023-02-15 15:51:45,735  INFO [main] banking:46 - Enter a password :-
 2023-02-15 15:51:48,316  INFO [main] banking:52 - clicking on login btn
 2023-02-15 15:51:52,042  INFO [main] banking:29 - Clicking on shop :- SHOP
 2023-02-15 15:51:52,758  INFO [main] banking:52 - quit browser
 2023-02-15 16:03:50,881  INFO [main] banking:47 - Browser is lauching
 2023-02-15 16:03:51,309  INFO [main] banking:38 - Enter a email
 2023-02-15 16:03:52,173  INFO [main] banking:46 - Enter a password :-
 2023-02-15 16:03:52,388  INFO [main] banking:52 - clicking on login btn
 2023-02-15 16:03:52,996  INFO [main] banking:53 - quit browser
 2023-02-15 16:04:00,435  INFO [main] banking:47 - Browser is lauching
 2023-02-15 16:04:00,765  INFO [main] banking:38 - Enter a email
 2023-02-15 16:04:00,967  INFO [main] banking:46 - Enter a password :-
 2023-02-15 16:04:03,638  INFO [main] banking:52 - clicking on login btn
 2023-02-15 16:04:06,355  INFO [main] banking:29 - Clicking on shop :- SHOP
 2023-02-15 16:04:06,871  INFO [main] banking:53 - quit browser
 2023-02-15 16:06:01,525  INFO [main] banking:47 - Browser is lauching
 2023-02-15 16:06:01,944  INFO [main] banking:38 - Enter a email
 2023-02-15 16:06:02,208  INFO [main] banking:46 - Enter a password :-
 2023-02-15 16:06:04,799  INFO [main] banking:52 - clicking on login btn
 2023-02-15 16:06:05,330  INFO [main] banking:53 - quit browser
 2023-02-15 16:06:11,038  INFO [main] banking:47 - Browser is lauching
 2023-02-15 16:06:12,512  INFO [main] banking:38 - Enter a email
 2023-02-15 16:06:12,737  INFO [main] banking:46 - Enter a password :-
 2023-02-15 16:06:12,944  INFO [main] banking:52 - clicking on login btn
 2023-02-15 16:06:18,073  INFO [main] banking:29 - Clicking on shop :- SHOP
 2023-02-15 16:06:20,213  INFO [main] banking:53 - quit browser
 2023-02-15 16:11:05,705  INFO [main] banking:47 - Browser is lauching
 2023-02-15 16:11:06,130  INFO [main] banking:38 - Enter a email
 2023-02-15 16:11:06,341  INFO [main] banking:46 - Enter a password :-
 2023-02-15 16:11:08,655  INFO [main] banking:52 - clicking on login btn
 2023-02-15 16:11:09,335  INFO [main] banking:53 - quit browser
 2023-02-15 16:11:14,510  INFO [main] banking:47 - Browser is lauching
 2023-02-15 16:11:14,857  INFO [main] banking:38 - Enter a email
 2023-02-15 16:11:15,042  INFO [main] banking:46 - Enter a password :-
 2023-02-15 16:11:19,107  INFO [main] banking:52 - clicking on login btn
 2023-02-15 16:11:21,538  INFO [main] banking:29 - Clicking on shop :- SHOP
 2023-02-15 16:11:22,001  INFO [main] banking:53 - quit browser
 2023-02-15 16:12:57,960  INFO [main] banking:47 - Browser is lauching
 2023-02-15 16:12:58,412  INFO [main] banking:38 - Enter a email
 2023-02-15 16:12:58,630  INFO [main] banking:46 - Enter a password :-
 2023-02-15 16:12:58,925  INFO [main] banking:52 - clicking on login btn
 2023-02-15 16:12:59,562  INFO [main] banking:53 - quit browser
 2023-02-15 16:13:04,019  INFO [main] banking:47 - Browser is lauching
 2023-02-15 16:13:04,405  INFO [main] banking:38 - Enter a email
 2023-02-15 16:13:04,584  INFO [main] banking:46 - Enter a password :-
 2023-02-15 16:13:07,962  INFO [main] banking:52 - clicking on login btn
 2023-02-15 16:13:10,364  INFO [main] banking:29 - Clicking on shop :- SHOP
 2023-02-15 16:13:10,832  INFO [main] banking:53 - quit browser
 2023-02-15 16:14:01,920  INFO [main] banking:47 - Browser is lauching
 2023-02-15 16:14:02,334  INFO [main] banking:38 - Enter a email
 2023-02-15 16:14:02,539  INFO [main] banking:46 - Enter a password :-
 2023-02-15 16:14:04,836  INFO [main] banking:52 - clicking on login btn
 2023-02-15 16:14:05,334  INFO [main] banking:53 - quit browser
 2023-02-15 16:14:09,634  INFO [main] banking:47 - Browser is lauching
 2023-02-15 16:14:10,020  INFO [main] banking:38 - Enter a email
 2023-02-15 16:14:10,213  INFO [main] banking:46 - Enter a password :-
 2023-02-15 16:14:12,729  INFO [main] banking:52 - clicking on login btn
 2023-02-15 16:14:16,409  INFO [main] banking:29 - Clicking on shop :- SHOP
 2023-02-15 16:14:16,864  INFO [main] banking:53 - quit browser
 2023-02-15 16:15:20,478  INFO [main] banking:47 - Browser is lauching
 2023-02-15 16:15:20,931  INFO [main] banking:38 - Enter a email
 2023-02-15 16:15:21,137  INFO [main] banking:46 - Enter a password :-
 2023-02-15 16:15:24,119  INFO [main] banking:52 - clicking on login btn
 2023-02-15 16:15:24,740  INFO [main] banking:53 - quit browser
 2023-02-15 16:15:29,106  INFO [main] banking:47 - Browser is lauching
 2023-02-15 16:15:29,509  INFO [main] banking:38 - Enter a email
 2023-02-15 16:15:29,751  INFO [main] banking:46 - Enter a password :-
 2023-02-15 16:15:33,370  INFO [main] banking:52 - clicking on login btn
 2023-02-15 16:15:35,925  INFO [main] banking:29 - Clicking on shop :- SHOP
 2023-02-15 16:15:36,576  INFO [main] banking:53 - quit browser
 2023-02-15 16:16:51,324  INFO [main] banking:47 - Browser is lauching
 2023-02-15 16:16:51,619  INFO [main] banking:38 - Enter a email
 2023-02-15 16:16:51,806  INFO [main] banking:46 - Enter a password :-
 2023-02-15 16:16:54,393  INFO [main] banking:52 - clicking on login btn
 2023-02-15 16:16:54,870  INFO [main] banking:53 - quit browser
 2023-02-15 16:17:00,357  INFO [main] banking:47 - Browser is lauching
 2023-02-15 16:17:00,548  INFO [main] banking:38 - Enter a email
 2023-02-15 16:17:00,693  INFO [main] banking:46 - Enter a password :-
 2023-02-15 16:17:05,784  INFO [main] banking:52 - clicking on login btn
 2023-02-15 16:17:08,836  INFO [main] banking:29 - Clicking on shop :- SHOP
 2023-02-15 16:17:09,371  INFO [main] banking:53 - quit browser
 2023-02-15 16:18:34,752  INFO [main] banking:47 - Browser is lauching
 2023-02-15 16:18:35,191  INFO [main] banking:38 - Enter a email
 2023-02-15 16:18:35,466  INFO [main] banking:46 - Enter a password :-
 2023-02-15 16:18:38,120  INFO [main] banking:52 - clicking on login btn
 2023-02-15 16:18:38,766  INFO [main] banking:53 - quit browser
 2023-02-15 16:18:46,847  INFO [main] banking:47 - Browser is lauching
 2023-02-15 16:18:47,096  INFO [main] banking:38 - Enter a email
 2023-02-15 16:18:47,287  INFO [main] banking:46 - Enter a password :-
 2023-02-15 16:18:51,856  INFO [main] banking:52 - clicking on login btn
 2023-02-15 16:18:54,472  INFO [main] banking:29 - Clicking on shop :- SHOP
 2023-02-15 16:18:55,889  INFO [main] banking:53 - quit browser
 2023-02-15 16:23:42,688  INFO [main] banking:47 - Browser is lauching
 2023-02-15 16:23:43,255  INFO [main] banking:38 - Enter a email
 2023-02-15 16:23:43,418  INFO [main] banking:46 - Enter a password :-
 2023-02-15 16:23:45,979  INFO [main] banking:52 - clicking on login btn
 2023-02-15 16:23:46,568  INFO [main] banking:53 - quit browser
 2023-02-15 16:23:54,804  INFO [main] banking:47 - Browser is lauching
 2023-02-15 16:23:55,202  INFO [main] banking:38 - Enter a email
 2023-02-15 16:23:55,435  INFO [main] banking:46 - Enter a password :-
 2023-02-15 16:23:57,968  INFO [main] banking:52 - clicking on login btn
 2023-02-15 16:24:00,432  INFO [main] banking:29 - Clicking on shop :- SHOP
 2023-02-15 16:24:01,318  INFO [main] banking:53 - quit browser
 2023-02-15 16:25:41,655  INFO [main] banking:47 - Browser is lauching
 2023-02-15 16:25:42,082  INFO [main] banking:38 - Enter a email
 2023-02-15 16:25:42,303  INFO [main] banking:46 - Enter a password :-
 2023-02-15 16:25:44,698  INFO [main] banking:52 - clicking on login btn
 2023-02-15 16:25:45,183  INFO [main] banking:53 - quit browser
 2023-02-15 16:25:52,968  INFO [main] banking:47 - Browser is lauching
 2023-02-15 16:25:53,329  INFO [main] banking:38 - Enter a email
 2023-02-15 16:25:53,546  INFO [main] banking:46 - Enter a password :-
 2023-02-15 16:25:55,968  INFO [main] banking:52 - clicking on login btn
 2023-02-15 16:25:58,354  INFO [main] banking:29 - Clicking on shop :- SHOP
 2023-02-15 16:26:16,697  INFO [main] banking:53 - quit browser
 2023-02-15 16:28:03,206  INFO [main] banking:47 - Browser is lauching
 2023-02-15 16:28:03,640  INFO [main] banking:38 - Enter a email
 2023-02-15 16:28:03,881  INFO [main] banking:46 - Enter a password :-
 2023-02-15 16:28:06,618  INFO [main] banking:52 - clicking on login btn
 2023-02-15 16:28:07,222  INFO [main] banking:53 - quit browser
 2023-02-15 16:28:13,249  INFO [main] banking:47 - Browser is lauching
 2023-02-15 16:28:13,573  INFO [main] banking:38 - Enter a email
 2023-02-15 16:28:13,758  INFO [main] banking:46 - Enter a password :-
 2023-02-15 16:28:16,192  INFO [main] banking:52 - clicking on login btn
 2023-02-15 16:28:20,605  INFO [main] banking:29 - Clicking on shop :- SHOP
 2023-02-15 16:28:27,558  INFO [main] banking:53 - quit browser
 2023-02-16 11:47:26,513  INFO [main] banking:47 - Browser is lauching
 2023-02-16 11:47:26,928  INFO [main] banking:38 - Enter a email
 2023-02-16 11:47:27,072  INFO [main] banking:46 - Enter a password :-
 2023-02-16 11:47:29,929  INFO [main] banking:52 - clicking on login btn
 2023-02-16 11:47:30,514  INFO [main] banking:53 - quit browser
 2023-02-16 11:47:34,844  INFO [main] banking:47 - Browser is lauching
 2023-02-16 11:47:35,238  INFO [main] banking:38 - Enter a email
 2023-02-16 11:47:35,445  INFO [main] banking:46 - Enter a password :-
 2023-02-16 11:47:37,963  INFO [main] banking:52 - clicking on login btn
 2023-02-16 11:47:41,036  INFO [main] banking:29 - Clicking on shop :- SHOP
 2023-02-16 11:47:48,318  INFO [main] banking:53 - quit browser
 2023-02-16 11:53:53,284  INFO [main] banking:47 - Browser is lauching
 2023-02-16 11:53:53,716  INFO [main] banking:38 - Enter a email
 2023-02-16 11:53:53,947  INFO [main] banking:46 - Enter a password :-
 2023-02-16 11:53:56,686  INFO [main] banking:52 - clicking on login btn
 2023-02-16 11:53:57,415  INFO [main] banking:53 - quit browser
 2023-02-16 11:54:01,841  INFO [main] banking:47 - Browser is lauching
 2023-02-16 11:54:02,066  INFO [main] banking:38 - Enter a email
 2023-02-16 11:54:02,448  INFO [main] banking:46 - Enter a password :-
 2023-02-16 11:54:06,328  INFO [main] banking:52 - clicking on login btn
 2023-02-16 11:54:20,786  INFO [main] banking:29 - Clicking on shop :- SHOP
 2023-02-16 11:54:34,109  INFO [main] banking:53 - quit browser
 2023-02-16 12:39:56,866  INFO [main] banking:47 - Browser is lauching
 2023-02-16 12:39:57,309  INFO [main] banking:38 - Enter a email
 2023-02-16 12:39:57,481  INFO [main] banking:46 - Enter a password :-
 2023-02-16 12:40:00,176  INFO [main] banking:52 - clicking on login btn
 2023-02-16 12:40:00,984  INFO [main] banking:53 - quit browser
 2023-02-16 12:40:07,208  INFO [main] banking:47 - Browser is lauching
 2023-02-16 12:40:07,574  INFO [main] banking:38 - Enter a email
 2023-02-16 12:40:07,759  INFO [main] banking:46 - Enter a password :-
 2023-02-16 12:40:10,250  INFO [main] banking:52 - clicking on login btn
 2023-02-16 12:40:13,373  INFO [main] banking:30 - Clicking on shop :- SHOP
 2023-02-16 12:40:22,134  INFO [main] banking:53 - quit browser
 2023-02-16 13:14:31,474  INFO [main] banking:47 - Browser is lauching
 2023-02-16 13:14:31,947  INFO [main] banking:38 - Enter a email
 2023-02-16 13:14:32,170  INFO [main] banking:46 - Enter a password :-
 2023-02-16 13:14:34,676  INFO [main] banking:52 - clicking on login btn
 2023-02-16 13:14:35,465  INFO [main] banking:53 - quit browser
 2023-02-16 13:14:40,025  INFO [main] banking:47 - Browser is lauching
 2023-02-16 13:14:40,236  INFO [main] banking:38 - Enter a email
 2023-02-16 13:14:40,607  INFO [main] banking:46 - Enter a password :-
 2023-02-16 13:14:44,279  INFO [main] banking:52 - clicking on login btn
 2023-02-16 13:14:46,854  INFO [main] banking:30 - Clicking on shop :- SHOP
 2023-02-16 13:14:54,176  INFO [main] banking:53 - quit browser
 2023-02-16 13:16:03,540  INFO [main] banking:47 - Browser is lauching
 2023-02-16 13:16:03,906  INFO [main] banking:38 - Enter a email
 2023-02-16 13:16:04,190  INFO [main] banking:46 - Enter a password :-
 2023-02-16 13:16:06,903  INFO [main] banking:52 - clicking on login btn
 2023-02-16 13:16:07,460  INFO [main] banking:53 - quit browser
 2023-02-16 13:16:11,909  INFO [main] banking:47 - Browser is lauching
 2023-02-16 13:16:12,265  INFO [main] banking:38 - Enter a email
 2023-02-16 13:16:12,472  INFO [main] banking:46 - Enter a password :-
 2023-02-16 13:16:15,444  INFO [main] banking:52 - clicking on login btn
 2023-02-16 13:16:19,407  INFO [main] banking:30 - Clicking on shop :- SHOP
 2023-02-16 13:16:25,826  INFO [main] banking:53 - quit browser
 2023-02-16 14:49:14,468  INFO [main] banking:47 - Browser is lauching
 2023-02-16 14:49:14,958  INFO [main] banking:38 - Enter a email
 2023-02-16 14:49:15,130  INFO [main] banking:46 - Enter a password :-
 2023-02-16 14:49:18,095  INFO [main] banking:52 - clicking on login btn
 2023-02-16 14:49:18,740  INFO [main] banking:53 - quit browser
 2023-02-16 14:49:23,652  INFO [main] banking:47 - Browser is lauching
 2023-02-16 14:49:24,041  INFO [main] banking:38 - Enter a email
 2023-02-16 14:49:24,271  INFO [main] banking:46 - Enter a password :-
 2023-02-16 14:49:27,690  INFO [main] banking:52 - clicking on login btn
 2023-02-16 14:49:30,258  INFO [main] banking:30 - Clicking on shop :- SHOP
 2023-02-16 14:49:38,195  INFO [main] banking:53 - quit browser
 2023-02-16 14:59:41,876  INFO [main] banking:47 - Browser is lauching
 2023-02-16 14:59:42,442  INFO [main] banking:38 - Enter a email
 2023-02-16 14:59:42,602  INFO [main] banking:46 - Enter a password :-
 2023-02-16 14:59:44,275  INFO [main] banking:52 - clicking on login btn
 2023-02-16 14:59:44,888  INFO [main] banking:53 - quit browser
 2023-02-16 14:59:50,406  INFO [main] banking:47 - Browser is lauching
 2023-02-16 14:59:50,603  INFO [main] banking:38 - Enter a email
 2023-02-16 14:59:50,958  INFO [main] banking:46 - Enter a password :-
 2023-02-16 14:59:54,841  INFO [main] banking:52 - clicking on login btn
 2023-02-16 14:59:57,589  INFO [main] banking:30 - Clicking on shop :- SHOP
 2023-02-16 15:00:07,691  INFO [main] banking:53 - quit browser
 2023-02-16 18:30:18,403  INFO [main] banking:50 - Browser is lauching
 2023-02-16 18:30:19,139  INFO [main] banking:38 - Enter a email
 2023-02-16 18:30:19,370  INFO [main] banking:46 - Enter a password :-
 2023-02-16 18:30:24,377  INFO [main] banking:52 - clicking on login btn
 2023-02-16 18:30:26,108  INFO [main] banking:56 - quit browser
 2023-02-16 18:30:33,423  INFO [main] banking:50 - Browser is lauching
 2023-02-16 18:30:34,673  INFO [main] banking:38 - Enter a email
 2023-02-16 18:30:34,910  INFO [main] banking:46 - Enter a password :-
 2023-02-16 18:30:38,419  INFO [main] banking:52 - clicking on login btn
 2023-02-16 18:30:41,616  INFO [main] banking:29 - Clicking on shop :- SHOP
 2023-02-16 18:30:50,144  INFO [main] banking:56 - quit browser
 2023-02-16 18:31:18,084  INFO [main] banking:51 - Browser is lauching
 2023-02-16 18:31:18,905  INFO [main] banking:38 - Enter a email
 2023-02-16 18:31:19,149  INFO [main] banking:46 - Enter a password :-
 2023-02-16 18:31:22,105  INFO [main] banking:52 - clicking on login btn
 2023-02-16 18:31:23,962  INFO [main] banking:57 - quit browser
 2023-02-16 18:31:30,514  INFO [main] banking:51 - Browser is lauching
 2023-02-16 18:31:30,738  INFO [main] banking:38 - Enter a email
 2023-02-16 18:31:30,914  INFO [main] banking:46 - Enter a password :-
 2023-02-16 18:31:36,019  INFO [main] banking:52 - clicking on login btn
 2023-02-16 18:31:39,048  INFO [main] banking:29 - Clicking on shop :- SHOP
 2023-02-16 18:31:45,913  INFO [main] banking:57 - quit browser
 2023-02-16 18:32:53,776  INFO [main] banking:51 - Browser is lauching
 2023-02-16 18:32:54,432  INFO [main] banking:38 - Enter a email
 2023-02-16 18:32:54,646  INFO [main] banking:46 - Enter a password :-
 2023-02-16 18:32:57,568  INFO [main] banking:52 - clicking on login btn
 2023-02-16 18:32:58,282  INFO [main] banking:57 - quit browser
 2023-02-16 18:33:04,703  INFO [main] banking:51 - Browser is lauching
 2023-02-16 18:33:06,777  INFO [main] banking:38 - Enter a email
 2023-02-16 18:33:07,062  INFO [main] banking:46 - Enter a password :-
 2023-02-16 18:33:09,820  INFO [main] banking:52 - clicking on login btn
 2023-02-16 18:33:12,676  INFO [main] banking:29 - Clicking on shop :- SHOP
 2023-02-16 18:33:22,025  INFO [main] banking:57 - quit browser
 2023-02-17 10:40:41,634  INFO [main] banking:50 - Browser is lauching
 2023-02-17 10:40:44,918  INFO [main] banking:38 - Enter a email
 2023-02-17 10:40:45,135  INFO [main] banking:46 - Enter a password :-
 2023-02-17 10:40:50,079  INFO [main] banking:52 - clicking on login btn
 2023-02-17 10:40:51,455  INFO [main] banking:61 - quit browser
 2023-02-17 10:40:58,689  INFO [main] banking:50 - Browser is lauching
 2023-02-17 10:40:59,153  INFO [main] banking:38 - Enter a email
 2023-02-17 10:40:59,484  INFO [main] banking:46 - Enter a password :-
 2023-02-17 10:40:59,935  INFO [main] banking:52 - clicking on login btn
 2023-02-17 10:41:04,552  INFO [main] banking:29 - Clicking on shop :- SHOP
 2023-02-17 10:41:05,624  INFO [main] banking:61 - quit browser
 2023-02-17 10:48:45,131  INFO [main] banking:51 - Browser is lauching
 2023-02-17 10:48:45,931  INFO [main] banking:38 - Enter a email
 2023-02-17 10:48:46,175  INFO [main] banking:46 - Enter a password :-
 2023-02-17 10:48:49,050  INFO [main] banking:52 - clicking on login btn
 2023-02-17 10:48:50,774  INFO [main] banking:62 - quit browser
 2023-02-17 10:48:55,660  INFO [main] banking:51 - Browser is lauching
 2023-02-17 10:48:55,900  INFO [main] banking:38 - Enter a email
 2023-02-17 10:48:56,082  INFO [main] banking:46 - Enter a password :-
 2023-02-17 10:48:59,245  INFO [main] banking:52 - clicking on login btn
 2023-02-17 10:49:02,786  INFO [main] banking:29 - Clicking on shop :- SHOP
 2023-02-17 10:49:12,261  INFO [main] banking:62 - quit browser
 2023-02-17 11:02:45,678  INFO [main] banking:48 - Chrome browser is lauching
 2023-02-17 11:02:49,407  INFO [main] banking:54 - Browser is lauching
 2023-02-17 11:02:50,778  INFO [main] banking:38 - Enter a email
 2023-02-17 11:02:51,039  INFO [main] banking:46 - Enter a password :-
 2023-02-17 11:02:52,213  INFO [main] banking:52 - clicking on login btn
 2023-02-17 11:02:53,046  INFO [main] banking:65 - quit browser
 2023-02-17 11:02:55,518  INFO [main] banking:48 - Chrome browser is lauching
 2023-02-17 11:02:58,428  INFO [main] banking:54 - Browser is lauching
 2023-02-17 11:02:59,014  INFO [main] banking:38 - Enter a email
 2023-02-17 11:03:00,805  INFO [main] banking:46 - Enter a password :-
 2023-02-17 11:03:02,868  INFO [main] banking:52 - clicking on login btn
 2023-02-17 11:03:06,883  INFO [main] banking:29 - Clicking on shop :- SHOP
 2023-02-17 11:03:52,732  INFO [main] banking:48 - Chrome browser is lauching
 2023-02-17 11:03:55,475  INFO [main] banking:54 - Browser is lauching
 2023-02-17 11:03:56,050  INFO [main] banking:38 - Enter a email
 2023-02-17 11:03:56,257  INFO [main] banking:46 - Enter a password :-
 2023-02-17 11:03:59,748  INFO [main] banking:52 - clicking on login btn
 2023-02-17 11:04:00,644  INFO [main] banking:65 - quit browser
 2023-02-17 11:04:02,648  INFO [main] banking:48 - Chrome browser is lauching
 2023-02-17 11:04:05,602  INFO [main] banking:54 - Browser is lauching
 2023-02-17 11:04:06,233  INFO [main] banking:38 - Enter a email
 2023-02-17 11:04:06,506  INFO [main] banking:46 - Enter a password :-
 2023-02-17 11:04:10,848  INFO [main] banking:52 - clicking on login btn
 2023-02-17 11:04:13,798  INFO [main] banking:29 - Clicking on shop :- SHOP
 2023-02-17 11:04:21,550  INFO [main] banking:65 - quit browser
 2023-02-17 11:07:23,525  INFO [main] banking:48 - Chrome browser is lauching
 2023-02-17 11:07:26,414  INFO [main] banking:54 - Browser is lauching
 2023-02-17 11:07:26,956  INFO [main] banking:38 - Enter a email
 2023-02-17 11:07:27,245  INFO [main] banking:46 - Enter a password :-
 2023-02-17 11:07:29,736  INFO [main] banking:52 - clicking on login btn
 2023-02-17 11:07:30,737  INFO [main] banking:65 - quit browser
 2023-02-17 11:07:33,013  INFO [main] banking:48 - Chrome browser is lauching
 2023-02-17 11:07:35,701  INFO [main] banking:54 - Browser is lauching
 2023-02-17 11:07:36,124  INFO [main] banking:38 - Enter a email
 2023-02-17 11:07:36,420  INFO [main] banking:46 - Enter a password :-
 2023-02-17 11:07:37,097  INFO [main] banking:52 - clicking on login btn
 2023-02-17 11:07:41,146  INFO [main] banking:29 - Clicking on shop :- SHOP
 2023-02-17 11:07:47,483  INFO [main] banking:65 - quit browser
 2023-02-17 11:09:48,306  INFO [main] banking:48 - Chrome browser is lauching
 2023-02-17 11:09:51,222  INFO [main] banking:54 - Browser is lauching
 2023-02-17 11:09:51,771  INFO [main] banking:38 - Enter a email
 2023-02-17 11:09:52,017  INFO [main] banking:46 - Enter a password :-
 2023-02-17 11:09:54,623  INFO [main] banking:52 - clicking on login btn
 2023-02-17 11:09:55,512  INFO [main] banking:65 - quit browser
 2023-02-17 11:09:57,376  INFO [main] banking:48 - Chrome browser is lauching
 2023-02-17 11:10:00,331  INFO [main] banking:54 - Browser is lauching
 2023-02-17 11:10:00,709  INFO [main] banking:38 - Enter a email
 2023-02-17 11:10:00,936  INFO [main] banking:46 - Enter a password :-
 2023-02-17 11:10:03,665  INFO [main] banking:52 - clicking on login btn
 2023-02-17 11:10:06,891  INFO [main] banking:29 - Clicking on shop :- SHOP
 2023-02-17 11:10:13,760  INFO [main] banking:65 - quit browser
 